{"level":"error","message":"Fri Feb 16 2024 16:33:56 GMT+0700 (Indochina Time)-{}","private":true}
{"level":"error","message":"Fri Feb 16 2024 16:36:31 GMT+0700 (Indochina Time)-{}","private":true}
{"level":"error","message":"Fri Feb 16 2024 20:49:43 GMT+0700 (Indochina Time)-{\"errno\":-4058,\"code\":\"ENOENT\",\"syscall\":\"open\",\"path\":\"D:\\\\DACNTT2\\\\food_instructions_app\\\\food_instructions_app_api\\\\topic\\\\src\\\\uploads\\\\1708091383938-R.jpg\",\"storageErrors\":[]}","private":true}
{"level":"error","message":"Fri Feb 16 2024 21:43:43 GMT+0700 (Indochina Time)-{}","private":true}
{"level":"error","message":"Fri Feb 16 2024 21:44:08 GMT+0700 (Indochina Time)-{}","private":true}
{"level":"error","message":"Fri Feb 16 2024 21:45:05 GMT+0700 (Indochina Time)-{}","private":true}
{"level":"error","message":"Fri Feb 16 2024 21:45:32 GMT+0700 (Indochina Time)-{\"code\":\"ERR_HTTP_HEADERS_SENT\"}","private":true}
{"level":"error","message":"Fri Feb 16 2024 23:16:09 GMT+0700 (Indochina Time)-{}","private":true}
{"level":"error","message":"Fri Feb 16 2024 23:16:37 GMT+0700 (Indochina Time)-{}","private":true}
{"level":"error","message":"Fri Feb 16 2024 23:21:33 GMT+0700 (Indochina Time)-{\"errno\":-4058,\"code\":\"ENOENT\",\"syscall\":\"stat\",\"path\":\"D:\\\\DACNTT2\\\\food_instructions_app\\\\food_instructions_app_api\\\\topic\\\\src\\\\api\\\\uploads\\\\1708099440359-R.jpg\",\"expose\":false,\"statusCode\":404,\"status\":404}","private":true}
{"level":"error","message":"Fri Feb 16 2024 23:22:28 GMT+0700 (Indochina Time)-{\"errno\":-4058,\"code\":\"ENOENT\",\"syscall\":\"stat\",\"path\":\"D:\\\\DACNTT2\\\\food_instructions_app\\\\food_instructions_app_api\\\\topic\\\\src\\\\api\\\\uploads\\\\1708099440359-R.jpg\",\"expose\":false,\"statusCode\":404,\"status\":404}","private":true}
{"level":"error","message":"Fri Feb 16 2024 23:25:13 GMT+0700 (Indochina Time)-{\"errno\":-4058,\"code\":\"ENOENT\",\"syscall\":\"stat\",\"path\":\"D:\\\\DACNTT2\\\\food_instructions_app\\\\food_instructions_app_api\\\\topic\\\\src\\\\uploads\\\\1708099440359-R.jpg\",\"expose\":false,\"statusCode\":404,\"status\":404}","private":true}
{"level":"error","message":"Sat Feb 17 2024 10:12:31 GMT+0700 (Indochina Time)-{}","private":true}
{"level":"error","message":"Sat Feb 17 2024 10:16:26 GMT+0700 (Indochina Time)-{}","private":true}
{"level":"error","message":"Sat Feb 17 2024 10:33:17 GMT+0700 (Indochina Time)-{}","private":true}
{"level":"error","message":"Sat Feb 17 2024 10:52:57 GMT+0700 (Indochina Time)-{}","private":true}
{"level":"error","message":"Sat Feb 17 2024 10:53:41 GMT+0700 (Indochina Time)-{}","private":true}
{"level":"error","message":"Sat Feb 17 2024 10:55:54 GMT+0700 (Indochina Time)-{}","private":true}
{"level":"error","message":"Sat Feb 17 2024 15:48:42 GMT+0700 (Indochina Time)-{}","private":true}
{"level":"error","message":"Sat Feb 17 2024 16:02:12 GMT+0700 (Indochina Time)-{}","private":true}
{"level":"error","message":"Sat Feb 17 2024 16:02:40 GMT+0700 (Indochina Time)-{}","private":true}
{"level":"error","message":"Sat Feb 17 2024 16:04:24 GMT+0700 (Indochina Time)-{}","private":true}
{"level":"error","message":"Sat Feb 17 2024 16:05:08 GMT+0700 (Indochina Time)-{}","private":true}
{"level":"error","message":"Sat Feb 17 2024 16:08:38 GMT+0700 (Indochina Time)-{}","private":true}
{"level":"error","message":"Sat Feb 17 2024 16:11:42 GMT+0700 (Indochina Time)-{}","private":true}
{"level":"error","message":"Sat Feb 17 2024 16:42:37 GMT+0700 (Indochina Time)-{}","private":true}
{"level":"error","message":"Sat Feb 17 2024 16:43:01 GMT+0700 (Indochina Time)-{}","private":true}
{"level":"error","message":"Sat Feb 17 2024 16:46:13 GMT+0700 (Indochina Time)-{}","private":true}
{"level":"error","message":"Sat Feb 17 2024 16:50:59 GMT+0700 (Indochina Time)-{\"errno\":-4058,\"code\":\"ENOENT\",\"syscall\":\"stat\",\"path\":\"D:\\\\DACNTT2\\\\food_instructions_app\\\\food_instructions_app_api\\\\topic\\\\uploads\\\\1708102275012-sandwiches.jpg :\",\"expose\":false,\"statusCode\":404,\"status\":404}","private":true}
{"level":"error","message":"Sat Feb 17 2024 17:12:33 GMT+0700 (Indochina Time)-{}","private":true}
{"level":"error","message":"Sat Feb 17 2024 17:12:55 GMT+0700 (Indochina Time)-{}","private":true}
{"level":"error","message":"Sun Feb 18 2024 22:06:17 GMT+0700 (Indochina Time)-{\"name\":\"Data Not found\",\"statusCode\":500,\"isOperational\":true}","private":true}
{"level":"error","message":"Sun Feb 18 2024 22:06:17 GMT+0700 (Indochina Time)-{\"name\":\"Data Not found\",\"statusCode\":500,\"isOperational\":true}","private":true}
{"level":"error","message":"Sun Feb 18 2024 22:08:30 GMT+0700 (Indochina Time)-{\"name\":\"Data Not found\",\"statusCode\":500,\"isOperational\":true}","private":true}
{"level":"error","message":"Sun Feb 18 2024 22:08:30 GMT+0700 (Indochina Time)-{\"name\":\"Data Not found\",\"statusCode\":500,\"isOperational\":true}","private":true}
{"level":"error","message":"Sun Feb 18 2024 22:09:56 GMT+0700 (Indochina Time)-{\"name\":\"Data Not found\",\"statusCode\":500,\"isOperational\":true}","private":true}
{"level":"error","message":"Sun Feb 18 2024 22:09:56 GMT+0700 (Indochina Time)-{\"name\":\"Data Not found\",\"statusCode\":500,\"isOperational\":true}","private":true}
{"level":"error","message":"Sun Feb 18 2024 22:17:32 GMT+0700 (Indochina Time)-{\"name\":\"Data Not found\",\"statusCode\":500,\"isOperational\":true}","private":true}
{"level":"error","message":"Sun Feb 18 2024 22:17:35 GMT+0700 (Indochina Time)-{\"name\":\"Data Not found\",\"statusCode\":500,\"isOperational\":true}","private":true}
{"level":"error","message":"Sun Feb 18 2024 22:18:20 GMT+0700 (Indochina Time)-{\"name\":\"Data Not found\",\"statusCode\":500,\"isOperational\":true}","private":true}
{"level":"error","message":"Sun Feb 18 2024 22:18:47 GMT+0700 (Indochina Time)-{\"name\":\"Data Not found\",\"statusCode\":500,\"isOperational\":true}","private":true}
{"level":"error","message":"Sun Feb 18 2024 22:18:47 GMT+0700 (Indochina Time)-{\"name\":\"Data Not found\",\"statusCode\":500,\"isOperational\":true}","private":true}
{"level":"error","message":"Sun Feb 18 2024 22:18:47 GMT+0700 (Indochina Time)-{\"name\":\"Data Not found\",\"statusCode\":500,\"isOperational\":true}","private":true}
{"level":"error","message":"Sun Feb 18 2024 22:18:47 GMT+0700 (Indochina Time)-{\"name\":\"Data Not found\",\"statusCode\":500,\"isOperational\":true}","private":true}
{"level":"error","message":"Sun Feb 18 2024 22:18:47 GMT+0700 (Indochina Time)-{\"name\":\"Data Not found\",\"statusCode\":500,\"isOperational\":true}","private":true}
{"level":"error","message":"Sun Feb 18 2024 22:19:05 GMT+0700 (Indochina Time)-{\"name\":\"Data Not found\",\"statusCode\":500,\"isOperational\":true}","private":true}
{"level":"error","message":"Sun Feb 18 2024 22:19:06 GMT+0700 (Indochina Time)-{\"name\":\"Data Not found\",\"statusCode\":500,\"isOperational\":true}","private":true}
{"level":"error","message":"Sun Feb 18 2024 22:19:57 GMT+0700 (Indochina Time)-{\"name\":\"Data Not found\",\"statusCode\":500,\"isOperational\":true}","private":true}
{"level":"error","message":"Sun Feb 18 2024 22:20:28 GMT+0700 (Indochina Time)-{\"name\":\"Data Not found\",\"statusCode\":500,\"isOperational\":true}","private":true}
{"level":"error","message":"Sun Feb 18 2024 22:20:32 GMT+0700 (Indochina Time)-{\"name\":\"Data Not found\",\"statusCode\":500,\"isOperational\":true}","private":true}
{"level":"error","message":"Sun Feb 18 2024 22:20:52 GMT+0700 (Indochina Time)-{\"name\":\"Data Not found\",\"statusCode\":500,\"isOperational\":true}","private":true}
