{"level":"error","message":"Fri Dec 15 2023 22:42:22 GMT+0700 (Indochina Time)-{\"name\":\"Data Not found\",\"statusCode\":{\"name\":\"API Error\",\"statusCode\":500,\"isOperational\":true},\"isOperational\":true}","private":true}
{"level":"error","message":"Fri Dec 15 2023 23:29:29 GMT+0700 (Indochina Time)-{\"name\":\"Data Not found\",\"statusCode\":{},\"isOperational\":true}","private":true}
{"level":"error","message":"Thu Dec 21 2023 22:45:27 GMT+0700 (Indochina Time)-{\"name\":\"Data Not found\",\"statusCode\":500,\"isOperational\":true}","private":true}
{"level":"error","message":"Thu Dec 21 2023 22:47:27 GMT+0700 (Indochina Time)-{\"name\":\"Data Not found\",\"statusCode\":500,\"isOperational\":true}","private":true}
{"level":"error","message":"Thu Dec 21 2023 22:48:24 GMT+0700 (Indochina Time)-{\"name\":\"Data Not found\",\"statusCode\":500,\"isOperational\":true}","private":true}
{"level":"error","message":"Thu Dec 21 2023 23:08:30 GMT+0700 (Indochina Time)-{}","private":true}
{"level":"error","message":"Thu Dec 21 2023 23:09:28 GMT+0700 (Indochina Time)-{}","private":true}
{"level":"error","message":"Thu Dec 21 2023 23:10:11 GMT+0700 (Indochina Time)-{}","private":true}
{"level":"error","message":"Sat Jan 06 2024 16:57:18 GMT+0700 (Indochina Time)-{\"name\":\"Data Not found\",\"statusCode\":500,\"isOperational\":true}","private":true}
{"level":"error","message":"Sat Jan 06 2024 16:57:48 GMT+0700 (Indochina Time)-{\"name\":\"Data Not found\",\"statusCode\":500,\"isOperational\":true}","private":true}
{"level":"error","message":"Sat Jan 06 2024 16:58:36 GMT+0700 (Indochina Time)-{\"name\":\"Data Not found\",\"statusCode\":500,\"isOperational\":true}","private":true}
{"level":"error","message":"Sat Jan 06 2024 16:59:16 GMT+0700 (Indochina Time)-{\"name\":\"Data Not found\",\"statusCode\":500,\"isOperational\":true}","private":true}
{"level":"error","message":"Sat Jan 06 2024 16:59:54 GMT+0700 (Indochina Time)-{\"name\":\"Data Not found\",\"statusCode\":500,\"isOperational\":true}","private":true}
{"level":"error","message":"Sat Jan 06 2024 17:00:50 GMT+0700 (Indochina Time)-{\"name\":\"Data Not found\",\"statusCode\":500,\"isOperational\":true}","private":true}
{"level":"error","message":"Sat Jan 06 2024 17:01:21 GMT+0700 (Indochina Time)-{\"name\":\"Data Not found\",\"statusCode\":500,\"isOperational\":true}","private":true}
{"level":"error","message":"Sat Jan 06 2024 17:01:52 GMT+0700 (Indochina Time)-{\"name\":\"Data Not found\",\"statusCode\":500,\"isOperational\":true}","private":true}
{"level":"error","message":"Sat Jan 06 2024 17:02:25 GMT+0700 (Indochina Time)-{\"name\":\"Data Not found\",\"statusCode\":500,\"isOperational\":true}","private":true}
{"level":"error","message":"Sat Jan 06 2024 17:03:02 GMT+0700 (Indochina Time)-{\"name\":\"Data Not found\",\"statusCode\":500,\"isOperational\":true}","private":true}
{"level":"error","message":"Sat Jan 06 2024 17:03:48 GMT+0700 (Indochina Time)-{\"name\":\"Data Not found\",\"statusCode\":500,\"isOperational\":true}","private":true}
{"level":"error","message":"Sat Jan 06 2024 17:05:54 GMT+0700 (Indochina Time)-{\"name\":\"Data Not found\",\"statusCode\":500,\"isOperational\":true}","private":true}
{"level":"error","message":"Sat Jan 06 2024 17:06:35 GMT+0700 (Indochina Time)-{\"name\":\"Data Not found\",\"statusCode\":500,\"isOperational\":true}","private":true}
{"level":"error","message":"Sat Jan 06 2024 17:07:36 GMT+0700 (Indochina Time)-{\"name\":\"Data Not found\",\"statusCode\":500,\"isOperational\":true}","private":true}
{"level":"error","message":"Sat Jan 06 2024 23:52:27 GMT+0700 (Indochina Time)-{}","private":true}
